[ 2014-06-07T14:58:55+08:00 ] 0.0.0.0 /zendStudio/library/
INFO: [ app_begin ] --START--
INFO: ReadHtmlCache Behavior ::run [ RunTime:0.005972s ]
INFO: [ app_begin ] --END-- [ RunTime:0.006076s ]
INFO: [ view_parse ] --START--
INFO: ParseTemplate Behavior ::run [ RunTime:0.047321s ]
INFO: [ view_parse ] --END-- [ RunTime:0.047447s ]
INFO: [ view_filter ] --START--
NOTIC: [8] Use of undefined constant APP_TMPL_PATH - assumed 'APP_TMPL_PATH' I:\phpStudy\WWW\zendStudio\library\ThinkPHP\Lib\Behavior\ContentReplaceBehavior.class.php 第 40 行.
NOTIC: [8] Use of undefined constant APP_TMPL_PATH - assumed 'APP_TMPL_PATH' I:\phpStudy\WWW\zendStudio\library\ThinkPHP\Lib\Behavior\ContentReplaceBehavior.class.php 第 47 行.
INFO: ContentReplace Behavior ::run [ RunTime:0.005354s ]
INFO: TokenBuild Behavior ::run [ RunTime:0.005223s ]
INFO: WriteHtmlCache Behavior ::run [ RunTime:0.004752s ]
INFO: ShowRuntime Behavior ::run [ RunTime:0.005528s ]
INFO: [ view_filter ] --END-- [ RunTime:0.021082s ]
INFO: [ view_end ] --START--
INFO: ShowPageTrace Behavior ::run [ RunTime:0.004280s ]
INFO: [ view_end ] --END-- [ RunTime:0.004346s ]

[ 2014-06-07T15:04:12+08:00 ] 0.0.0.0 /zendStudio/library/
INFO: [ app_begin ] --START--
INFO: ReadHtmlCache Behavior ::run [ RunTime:0.000958s ]
INFO: [ app_begin ] --END-- [ RunTime:0.001086s ]
INFO: [ view_parse ] --START--
INFO: ParseTemplate Behavior ::run [ RunTime:0.001625s ]
INFO: [ view_parse ] --END-- [ RunTime:0.001769s ]
INFO: [ view_filter ] --START--
NOTIC: [8] Use of undefined constant APP_TMPL_PATH - assumed 'APP_TMPL_PATH' I:\phpStudy\WWW\zendStudio\Library\ThinkPHP\Lib\Behavior\ContentReplaceBehavior.class.php 第 40 行.
NOTIC: [8] Use of undefined constant APP_TMPL_PATH - assumed 'APP_TMPL_PATH' I:\phpStudy\WWW\zendStudio\Library\ThinkPHP\Lib\Behavior\ContentReplaceBehavior.class.php 第 47 行.
INFO: ContentReplace Behavior ::run [ RunTime:0.000713s ]
INFO: TokenBuild Behavior ::run [ RunTime:0.000743s ]
INFO: WriteHtmlCache Behavior ::run [ RunTime:0.000602s ]
INFO: ShowRuntime Behavior ::run [ RunTime:0.000698s ]
INFO: [ view_filter ] --END-- [ RunTime:0.002993s ]
INFO: [ view_end ] --START--
INFO: ShowPageTrace Behavior ::run [ RunTime:0.000897s ]
INFO: [ view_end ] --END-- [ RunTime:0.000956s ]

[ 2014-06-07T15:08:16+08:00 ] 0.0.0.0 /zendStudio/library/
INFO: [ app_begin ] --START--
INFO: ReadHtmlCache Behavior ::run [ RunTime:0.001320s ]
INFO: [ app_begin ] --END-- [ RunTime:0.001431s ]
INFO: [ view_parse ] --START--
INFO: ParseTemplate Behavior ::run [ RunTime:0.002329s ]
INFO: [ view_parse ] --END-- [ RunTime:0.002419s ]
INFO: [ view_filter ] --START--
NOTIC: [8] Use of undefined constant APP_TMPL_PATH - assumed 'APP_TMPL_PATH' I:\phpStudy\WWW\zendStudio\Library\ThinkPHP\Lib\Behavior\ContentReplaceBehavior.class.php 第 40 行.
NOTIC: [8] Use of undefined constant APP_TMPL_PATH - assumed 'APP_TMPL_PATH' I:\phpStudy\WWW\zendStudio\Library\ThinkPHP\Lib\Behavior\ContentReplaceBehavior.class.php 第 47 行.
INFO: ContentReplace Behavior ::run [ RunTime:0.001304s ]
INFO: TokenBuild Behavior ::run [ RunTime:0.001379s ]
INFO: WriteHtmlCache Behavior ::run [ RunTime:0.001095s ]
INFO: ShowRuntime Behavior ::run [ RunTime:0.001126s ]
INFO: [ view_filter ] --END-- [ RunTime:0.005114s ]
INFO: [ view_end ] --START--
INFO: ShowPageTrace Behavior ::run [ RunTime:0.001228s ]
INFO: [ view_end ] --END-- [ RunTime:0.001284s ]

[ 2014-06-07T15:12:04+08:00 ] 0.0.0.0 /zendStudio/library/
ERR: 无法加载模块:Index

[ 2014-06-07T15:13:51+08:00 ] 0.0.0.0 /zendStudio/library/
ERR: 无法加载模块:Index

[ 2014-06-07T15:16:08+08:00 ] 0.0.0.0 /zendStudio/library/
ERR: 模板不存在[./Library/Tpl/Admin/Index/index.html]

[ 2014-06-07T15:26:34+08:00 ] 0.0.0.0 /zendStudio/library/index.php/Api
ERR: 非法操作:index

[ 2014-06-07T17:06:05+08:00 ] 0.0.0.0 /zendStudio/library/index.php/Api/Index/login.html
ERR: 页面不存在

[ 2014-06-07T17:06:37+08:00 ] 0.0.0.0 /zendStudio/library/index.php/Api/Index/login.html
ERR: 页面不存在

[ 2014-06-07T20:54:19+08:00 ] 0.0.0.0 /zendStudio/library/index.php/Index/checkLogin.html
ERR: 页面不存在

[ 2014-06-07T20:54:23+08:00 ] 0.0.0.0 /zendStudio/library/index.php/Index/checkLogin.html
ERR: 页面不存在

[ 2014-06-07T20:56:41+08:00 ] 0.0.0.0 /zendStudio/library/index.php/Index/checkLogin.html
ERR: 页面不存在

[ 2014-06-07T23:51:29+08:00 ] 0.0.0.0 /zendStudio/library/index.php/Index/checkLogin.html
ERR: 页面不存在

